<?xml version="1.0" encoding="UTF-8"?>
<testsuite name="RectangleTest" tests="4" skipped="0" failures="0" errors="0" timestamp="2016-04-27T15:58:32" hostname="epicodus-58.local" time="0.002">
  <properties/>
  <testcase name="area_returnsTheAreaOfTheRectangle_450" classname="RectangleTest" time="0.001"/>
  <testcase name="newRectangle_instantiatesCorrectly" classname="RectangleTest" time="0.0"/>
  <testcase name="getWidth_getsRectangleWidth_4" classname="RectangleTest" time="0.001"/>
  <testcase name="getLength_getsRectangleLength_2" classname="RectangleTest" time="0.0"/>
  <system-out><![CDATA[]]></system-out>
  <system-err><![CDATA[]]></system-err>
</testsuite>
